<?xml version="1.0" encoding="UTF-8"?>
<testng-results ignored="0" total="1" passed="1" failed="0" skipped="0">
  <reporter-output>
  </reporter-output>
  <suite started-at="2021-07-26T18:50:57 IST" name="Suite" finished-at="2021-07-26T18:51:14 IST" duration-ms="16143">
    <groups>
    </groups>
    <test started-at="2021-07-26T18:50:57 IST" name="Test" finished-at="2021-07-26T18:51:14 IST" duration-ms="16143">
      <class name="script.LoginFlipkart">
        <test-method is-config="true" signature="openApplication()[pri:0, instance:script.LoginFlipkart@1356d4d4]" started-at="2021-07-26T18:50:57 IST" name="openApplication" finished-at="2021-07-26T18:51:03 IST" duration-ms="5333" status="PASS">
          <reporter-output>
          </reporter-output>
        </test-method> <!-- openApplication -->
        <test-method signature="login()[pri:1, instance:script.LoginFlipkart@1356d4d4]" started-at="2021-07-26T18:51:03 IST" name="login" finished-at="2021-07-26T18:51:12 IST" duration-ms="9462" status="PASS">
          <reporter-output>
          </reporter-output>
        </test-method> <!-- login -->
        <test-method is-config="true" signature="closeApplication()[pri:0, instance:script.LoginFlipkart@1356d4d4]" started-at="2021-07-26T18:51:12 IST" name="closeApplication" finished-at="2021-07-26T18:51:14 IST" duration-ms="1311" status="PASS">
          <reporter-output>
          </reporter-output>
        </test-method> <!-- closeApplication -->
      </class> <!-- script.LoginFlipkart -->
    </test> <!-- Test -->
  </suite> <!-- Suite -->
</testng-results>
