<?xml version="1.0" encoding="UTF-8"?>
<testng-results ignored="0" total="1" passed="1" failed="0" skipped="0">
  <reporter-output>
  </reporter-output>
  <suite started-at="2021-07-26T18:49:50 IST" name="Suite" finished-at="2021-07-26T18:50:09 IST" duration-ms="18940">
    <groups>
    </groups>
    <test started-at="2021-07-26T18:49:50 IST" name="Test" finished-at="2021-07-26T18:50:09 IST" duration-ms="18940">
      <class name="script.LoginFlipkart">
        <test-method is-config="true" signature="openApplication()[pri:0, instance:script.LoginFlipkart@2df9b86]" started-at="2021-07-26T18:49:50 IST" name="openApplication" finished-at="2021-07-26T18:49:57 IST" duration-ms="6744" status="PASS">
          <reporter-output>
          </reporter-output>
        </test-method> <!-- openApplication -->
        <test-method signature="login()[pri:1, instance:script.LoginFlipkart@2df9b86]" started-at="2021-07-26T18:49:57 IST" name="login" finished-at="2021-07-26T18:50:08 IST" duration-ms="10563" status="PASS">
          <reporter-output>
          </reporter-output>
        </test-method> <!-- login -->
        <test-method is-config="true" signature="closeApplication()[pri:0, instance:script.LoginFlipkart@2df9b86]" started-at="2021-07-26T18:50:08 IST" name="closeApplication" finished-at="2021-07-26T18:50:09 IST" duration-ms="1568" status="PASS">
          <reporter-output>
          </reporter-output>
        </test-method> <!-- closeApplication -->
      </class> <!-- script.LoginFlipkart -->
    </test> <!-- Test -->
  </suite> <!-- Suite -->
</testng-results>
