<?xml version="1.0" encoding="UTF-8"?>
<testng-results skipped="0" failed="0" ignored="0" total="1" passed="1">
  <reporter-output>
  </reporter-output>
  <suite name="Default suite" duration-ms="17251" started-at="2021-03-29T16:05:07 IST" finished-at="2021-03-29T16:05:24 IST">
    <groups>
    </groups>
    <test name="Default test" duration-ms="17251" started-at="2021-03-29T16:05:07 IST" finished-at="2021-03-29T16:05:24 IST">
      <class name="script.LoginFlipkart">
        <test-method status="PASS" signature="openApplication()[pri:0, instance:script.LoginFlipkart@5e853265]" name="openApplication" is-config="true" duration-ms="5559" started-at="2021-03-29T16:05:07 IST" finished-at="2021-03-29T16:05:12 IST">
          <reporter-output>
          </reporter-output>
        </test-method> <!-- openApplication -->
        <test-method status="PASS" signature="login()[pri:1, instance:script.LoginFlipkart@5e853265]" name="login" duration-ms="10650" started-at="2021-03-29T16:05:12 IST" finished-at="2021-03-29T16:05:23 IST">
          <reporter-output>
          </reporter-output>
        </test-method> <!-- login -->
        <test-method status="PASS" signature="closeApplication()[pri:0, instance:script.LoginFlipkart@5e853265]" name="closeApplication" is-config="true" duration-ms="996" started-at="2021-03-29T16:05:23 IST" finished-at="2021-03-29T16:05:24 IST">
          <reporter-output>
          </reporter-output>
        </test-method> <!-- closeApplication -->
      </class> <!-- script.LoginFlipkart -->
    </test> <!-- Default test -->
  </suite> <!-- Default suite -->
</testng-results>
